Start testing: Mar 19 15:32 PDT
----------------------------------------------------------
1/12 Testing: CoreOperations
1/12 Test: CoreOperations
Command: "/Users/rpetz/source/enigmaneering/mental/build/test/test_core"
Directory: /Users/rpetz/source/enigmaneering/mental/build/test
"CoreOperations" start time: Mar 19 15:32 PDT
Output:
----------------------------------------------------------
Testing core operations...
  Found 1 device(s)
  Device 0: Apple M4 Max
    API: Metal
PASS: All core tests passed
<end of output>
Test time =   0.02 sec
----------------------------------------------------------
Test Passed.
"CoreOperations" end time: Mar 19 15:32 PDT
"CoreOperations" time elapsed: 00:00:00
----------------------------------------------------------

2/12 Testing: BufferOperations
2/12 Test: BufferOperations
Command: "/Users/rpetz/source/enigmaneering/mental/build/test/test_buffer"
Directory: /Users/rpetz/source/enigmaneering/mental/build/test
"BufferOperations" start time: Mar 19 15:32 PDT
Output:
----------------------------------------------------------
Testing buffer operations...
PASS: All buffer tests passed
<end of output>
Test time =   0.01 sec
----------------------------------------------------------
Test Passed.
"BufferOperations" end time: Mar 19 15:32 PDT
"BufferOperations" time elapsed: 00:00:00
----------------------------------------------------------

3/12 Testing: KernelOperations
3/12 Test: KernelOperations
Command: "/Users/rpetz/source/enigmaneering/mental/build/test/test_kernel"
Directory: /Users/rpetz/source/enigmaneering/mental/build/test
"KernelOperations" start time: Mar 19 15:32 PDT
Output:
----------------------------------------------------------
Testing kernel operations...
PASS: All kernel tests passed
<end of output>
Test time =   0.06 sec
----------------------------------------------------------
Test Passed.
"KernelOperations" end time: Mar 19 15:32 PDT
"KernelOperations" time elapsed: 00:00:00
----------------------------------------------------------

4/12 Testing: ViewportOperations
4/12 Test: ViewportOperations
Command: "/Users/rpetz/source/enigmaneering/mental/build/test/test_viewport"
Directory: /Users/rpetz/source/enigmaneering/mental/build/test
"ViewportOperations" start time: Mar 19 15:32 PDT
Output:
----------------------------------------------------------
Testing viewport operations...
  NULL surface correctly rejected
  NULL viewport detach handled
  Testing on device: Apple M4 Max
  Native backend detected (viewport support available)
  Note: Full viewport testing requires actual window/surface
PASS: All viewport tests passed
<end of output>
Test time =   0.02 sec
----------------------------------------------------------
Test Passed.
"ViewportOperations" end time: Mar 19 15:32 PDT
"ViewportOperations" time elapsed: 00:00:00
----------------------------------------------------------

5/12 Testing: MultiLanguageShaders
5/12 Test: MultiLanguageShaders
Command: "/Users/rpetz/source/enigmaneering/mental/build/test/test_shaders"
Directory: /Users/rpetz/source/enigmaneering/mental/build/test
"MultiLanguageShaders" start time: Mar 19 15:32 PDT
Output:
----------------------------------------------------------
Testing multi-language shader support...
  Working directory: /Users/rpetz/source/enigmaneering/mental/build/test
  Device API: Metal
  Testing GLSL shader...
    PASS: GLSL shader
  Testing ESSL shader...
    PASS: ESSL shader
  Testing HLSL shader...
    PASS: HLSL shader
  Testing MSL shader...
    PASS: MSL shader
  Testing WGSL shader...
    PASS: WGSL shader
PASS: All supported shaders passed
<end of output>
Test time =   0.11 sec
----------------------------------------------------------
Test Passed.
"MultiLanguageShaders" end time: Mar 19 15:32 PDT
"MultiLanguageShaders" time elapsed: 00:00:00
----------------------------------------------------------

6/12 Testing: Integration
6/12 Test: Integration
Command: "/Users/rpetz/source/enigmaneering/mental/build/test/test_integration"
Directory: /Users/rpetz/source/enigmaneering/mental/build/test
"Integration" start time: Mar 19 15:32 PDT
Output:
----------------------------------------------------------
Testing integration scenarios...
  Test 1: Full compute pipeline
  Test 2: Multiple operations on same buffer
  Test 3: Clone and independent operations
  Test 4: Thread safety
  Test 5: Error recovery
  Error recovery successful
PASS: All integration tests passed
<end of output>
Test time =   0.06 sec
----------------------------------------------------------
Test Passed.
"Integration" end time: Mar 19 15:32 PDT
"Integration" time elapsed: 00:00:00
----------------------------------------------------------

7/12 Testing: MetalDirect
7/12 Test: MetalDirect
Command: "/Users/rpetz/source/enigmaneering/mental/build/test/test_metal_direct"
Directory: /Users/rpetz/source/enigmaneering/mental/build/test
"MetalDirect" start time: Mar 19 15:32 PDT
Output:
----------------------------------------------------------
Testing direct Metal shader...
  Device API: Metal
  Kernel compiled successfully
  Buffers filled
  Kernel dispatched
PASS: Direct Metal shader works
<end of output>
Test time =   0.02 sec
----------------------------------------------------------
Test Passed.
"MetalDirect" end time: Mar 19 15:32 PDT
"MetalDirect" time elapsed: 00:00:00
----------------------------------------------------------

8/12 Testing: D3D12Direct
8/12 Test: D3D12Direct
Command: "/Users/rpetz/source/enigmaneering/mental/build/test/test_d3d12_direct"
Directory: /Users/rpetz/source/enigmaneering/mental/build/test
"D3D12Direct" start time: Mar 19 15:32 PDT
Output:
----------------------------------------------------------
Testing direct D3D12 shader...
  Device API: Metal
SKIP: Not on D3D12 backend
<end of output>
Test time =   0.01 sec
----------------------------------------------------------
Test Passed.
"D3D12Direct" end time: Mar 19 15:32 PDT
"D3D12Direct" time elapsed: 00:00:00
----------------------------------------------------------

9/12 Testing: VulkanDirect
9/12 Test: VulkanDirect
Command: "/Users/rpetz/source/enigmaneering/mental/build/test/test_vulkan_direct"
Directory: /Users/rpetz/source/enigmaneering/mental/build/test
"VulkanDirect" start time: Mar 19 15:32 PDT
Output:
----------------------------------------------------------
Testing direct Vulkan shader (SPIRV binary)...
  Device API: Metal
SKIP: Not on Vulkan backend
<end of output>
Test time =   0.01 sec
----------------------------------------------------------
Test Passed.
"VulkanDirect" end time: Mar 19 15:32 PDT
"VulkanDirect" time elapsed: 00:00:00
----------------------------------------------------------

10/12 Testing: OpenCLDirect
10/12 Test: OpenCLDirect
Command: "/Users/rpetz/source/enigmaneering/mental/build/test/test_opencl_direct"
Directory: /Users/rpetz/source/enigmaneering/mental/build/test
"OpenCLDirect" start time: Mar 19 15:32 PDT
Output:
----------------------------------------------------------
Testing direct OpenCL shader...
  Device API: Metal
SKIP: Not on OpenCL backend
<end of output>
Test time =   0.01 sec
----------------------------------------------------------
Test Passed.
"OpenCLDirect" end time: Mar 19 15:32 PDT
"OpenCLDirect" time elapsed: 00:00:00
----------------------------------------------------------

11/12 Testing: PathDebug
11/12 Test: PathDebug
Command: "/Users/rpetz/source/enigmaneering/mental/build/test/test_paths_debug"
Directory: /Users/rpetz/source/enigmaneering/mental/build/test
"PathDebug" start time: Mar 19 15:32 PDT
Output:
----------------------------------------------------------
Current working directory: /Users/rpetz/source/enigmaneering/mental/build/test

Testing DXC paths:
  ../external/dxc/bin/dxc: NOT FOUND
  external/dxc/bin/dxc: NOT FOUND
  ../../external/dxc/bin/dxc: FOUND

Testing Naga paths:
  ../external/naga/bin/naga: NOT FOUND
  external/naga/bin/naga: NOT FOUND
  ../../external/naga/bin/naga: FOUND
<end of output>
Test time =   0.00 sec
----------------------------------------------------------
Test Passed.
"PathDebug" end time: Mar 19 15:32 PDT
"PathDebug" time elapsed: 00:00:00
----------------------------------------------------------

12/12 Testing: ViewportWindowMetal
12/12 Test: ViewportWindowMetal
Command: "/Users/rpetz/source/enigmaneering/mental/build/test/test_viewport_window_metal"
Directory: /Users/rpetz/source/enigmaneering/mental/build/test
"ViewportWindowMetal" start time: Mar 19 15:32 PDT
Output:
----------------------------------------------------------
Testing real window viewport (Metal)...
  Device API: Metal
  Window created: 800x600
  Buffer filled with orange color
  Viewport attached to window
  Frame presented - window should show orange
  Displaying for 11 seconds...
  Viewport detached
PASS: Window viewport test successful
<end of output>
Test time =  11.13 sec
----------------------------------------------------------
Test Passed.
"ViewportWindowMetal" end time: Mar 19 15:32 PDT
"ViewportWindowMetal" time elapsed: 00:00:11
----------------------------------------------------------

End testing: Mar 19 15:32 PDT
